This is pdfTeX, Version 3.14159265-2.6-1.40.21 (TeX Live 2020) (preloaded format=pdflatex 2020.4.19)  21 APR 2020 17:36
entering extended mode
 restricted \write18 enabled.
 %&-line parsing enabled.
**Untitled.tex
(./Untitled.tex
LaTeX2e <2020-02-02> patch level 5
L3 programming layer <2020-04-06> (./elsarticle.cls
Document Class: elsarticle 2008/05/22, 1.0.1: Elsevier Science
\@bls=\dimen134
(/home/bb/.TinyTeX/texmf-dist/tex/latex/base/article.cls
Document Class: article 2019/12/20 v1.4l Standard LaTeX document class
(/home/bb/.TinyTeX/texmf-dist/tex/latex/base/size10.clo
File: size10.clo 2019/12/20 v1.4l Standard LaTeX file (size option)
)
\c@part=\count167
\c@section=\count168
\c@subsection=\count169
\c@subsubsection=\count170
\c@paragraph=\count171
\c@subparagraph=\count172
\c@figure=\count173
\c@table=\count174
\abovecaptionskip=\skip47
\belowcaptionskip=\skip48
\bibindent=\dimen135
) (/home/bb/.TinyTeX/texmf-dist/tex/latex/graphics/graphicx.sty
Package: graphicx 2019/11/30 v1.2a Enhanced LaTeX Graphics (DPC,SPQR)
(/home/bb/.TinyTeX/texmf-dist/tex/latex/graphics/keyval.sty
Package: keyval 2014/10/28 v1.15 key=value parser (DPC)
\KV@toks@=\toks15
) (/home/bb/.TinyTeX/texmf-dist/tex/latex/graphics/graphics.sty
Package: graphics 2019/11/30 v1.4a Standard LaTeX Graphics (DPC,SPQR)
(/home/bb/.TinyTeX/texmf-dist/tex/latex/graphics/trig.sty
Package: trig 2016/01/03 v1.10 sin cos tan (DPC)
) (/home/bb/.TinyTeX/texmf-dist/tex/latex/graphics-cfg/graphics.cfg
File: graphics.cfg 2016/06/04 v1.11 sample graphics configuration
)
Package graphics Info: Driver file: pdftex.def on input line 105.
(/home/bb/.TinyTeX/texmf-dist/tex/latex/graphics-def/pdftex.def
File: pdftex.def 2018/01/08 v1.0l Graphics/color driver for pdftex
))
\Gin@req@height=\dimen136
\Gin@req@width=\dimen137
) (/home/bb/.TinyTeX/texmf-dist/tex/latex/psnfss/pifont.sty
Package: pifont 2020/03/25 PSNFSS-v9.3 Pi font support (SPQR) 
LaTeX Font Info:    Trying to load font information for U+pzd on input line 63.

(/home/bb/.TinyTeX/texmf-dist/tex/latex/psnfss/upzd.fd
File: upzd.fd 2001/06/04 font definitions for U/pzd.
)
LaTeX Font Info:    Trying to load font information for U+psy on input line 64.

(/home/bb/.TinyTeX/texmf-dist/tex/latex/psnfss/upsy.fd
File: upsy.fd 2001/06/04 font definitions for U/psy.
))
\c@tnote=\count175
\c@fnote=\count176
\c@cnote=\count177
\c@ead=\count178
\c@author=\count179
\@eadauthor=\toks16
\c@affn=\count180
\absbox=\box45
\keybox=\box46
\Columnwidth=\dimen138
\space@left=\dimen139
\els@boxa=\box47
\els@boxb=\box48
\leftMargin=\dimen140
\@enLab=\toks17
\@sep=\skip49
\@@sep=\skip50
(./Untitled.spl) (/home/bb/.TinyTeX/texmf-dist/tex/latex/natbib/natbib.sty
Package: natbib 2010/09/13 8.31b (PWD, AO)
\bibhang=\skip51
\bibsep=\skip52
LaTeX Info: Redefining \cite on input line 694.
\c@NAT@ctr=\count181
)
\splwrite=\write3
\openout3 = `Untitled.spl'.

) (/home/bb/.TinyTeX/texmf-dist/tex/latex/url/url.sty
\Urlmuskip=\muskip16
Package: url 2013/09/16  ver 3.4  Verb mode for urls, etc.
) (/home/bb/.TinyTeX/texmf-dist/tex/latex/lineno/lineno.sty
Package: lineno 2005/11/02 line numbers on paragraphs v4.41
\linenopenalty=\count182
\output=\toks18
\linenoprevgraf=\count183
\linenumbersep=\dimen141
\linenumberwidth=\dimen142
\c@linenumber=\count184
\c@pagewiselinenumber=\count185
\c@LN@truepage=\count186
\c@internallinenumber=\count187
\c@internallinenumbers=\count188
\quotelinenumbersep=\dimen143
\bframerule=\dimen144
\bframesep=\dimen145
\bframebox=\box49
LaTeX Info: Redefining \\ on input line 3056.
) (/home/bb/.TinyTeX/texmf-dist/tex/latex/booktabs/booktabs.sty
Package: booktabs 2020/01/12 v1.61803398 Publication quality tables
\heavyrulewidth=\dimen146
\lightrulewidth=\dimen147
\cmidrulewidth=\dimen148
\belowrulesep=\dimen149
\belowbottomsep=\dimen150
\aboverulesep=\dimen151
\abovetopsep=\dimen152
\cmidrulesep=\dimen153
\cmidrulekern=\dimen154
\defaultaddspace=\dimen155
\@cmidla=\count189
\@cmidlb=\count190
\@aboverulesep=\dimen156
\@belowrulesep=\dimen157
\@thisruleclass=\count191
\@lastruleclass=\count192
\@thisrulewidth=\dimen158
) (/home/bb/.TinyTeX/texmf-dist/tex/latex/base/fontenc.sty
Package: fontenc 2020/02/11 v2.0o Standard LaTeX package
) (/home/bb/.TinyTeX/texmf-dist/tex/latex/lm/lmodern.sty
Package: lmodern 2009/10/30 v1.6 Latin Modern Fonts
LaTeX Font Info:    Overwriting symbol font `operators' in version `normal'
(Font)                  OT1/cmr/m/n --> OT1/lmr/m/n on input line 22.
LaTeX Font Info:    Overwriting symbol font `letters' in version `normal'
(Font)                  OML/cmm/m/it --> OML/lmm/m/it on input line 23.
LaTeX Font Info:    Overwriting symbol font `symbols' in version `normal'
(Font)                  OMS/cmsy/m/n --> OMS/lmsy/m/n on input line 24.
LaTeX Font Info:    Overwriting symbol font `largesymbols' in version `normal'
(Font)                  OMX/cmex/m/n --> OMX/lmex/m/n on input line 25.
LaTeX Font Info:    Overwriting symbol font `operators' in version `bold'
(Font)                  OT1/cmr/bx/n --> OT1/lmr/bx/n on input line 26.
LaTeX Font Info:    Overwriting symbol font `letters' in version `bold'
(Font)                  OML/cmm/b/it --> OML/lmm/b/it on input line 27.
LaTeX Font Info:    Overwriting symbol font `symbols' in version `bold'
(Font)                  OMS/cmsy/b/n --> OMS/lmsy/b/n on input line 28.
LaTeX Font Info:    Overwriting symbol font `largesymbols' in version `bold'
(Font)                  OMX/cmex/m/n --> OMX/lmex/m/n on input line 29.
LaTeX Font Info:    Overwriting math alphabet `\mathbf' in version `normal'
(Font)                  OT1/cmr/bx/n --> OT1/lmr/bx/n on input line 31.
LaTeX Font Info:    Overwriting math alphabet `\mathsf' in version `normal'
(Font)                  OT1/cmss/m/n --> OT1/lmss/m/n on input line 32.
LaTeX Font Info:    Overwriting math alphabet `\mathit' in version `normal'
(Font)                  OT1/cmr/m/it --> OT1/lmr/m/it on input line 33.
LaTeX Font Info:    Overwriting math alphabet `\mathtt' in version `normal'
(Font)                  OT1/cmtt/m/n --> OT1/lmtt/m/n on input line 34.
LaTeX Font Info:    Overwriting math alphabet `\mathbf' in version `bold'
(Font)                  OT1/cmr/bx/n --> OT1/lmr/bx/n on input line 35.
LaTeX Font Info:    Overwriting math alphabet `\mathsf' in version `bold'
(Font)                  OT1/cmss/bx/n --> OT1/lmss/bx/n on input line 36.
LaTeX Font Info:    Overwriting math alphabet `\mathit' in version `bold'
(Font)                  OT1/cmr/bx/it --> OT1/lmr/bx/it on input line 37.
LaTeX Font Info:    Overwriting math alphabet `\mathtt' in version `bold'
(Font)                  OT1/cmtt/m/n --> OT1/lmtt/m/n on input line 38.
) (/home/bb/.TinyTeX/texmf-dist/tex/latex/amsfonts/amssymb.sty
Package: amssymb 2013/01/14 v3.01 AMS font symbols
(/home/bb/.TinyTeX/texmf-dist/tex/latex/amsfonts/amsfonts.sty
Package: amsfonts 2013/01/14 v3.01 Basic AMSFonts support
\@emptytoks=\toks19
\symAMSa=\mathgroup4
\symAMSb=\mathgroup5
LaTeX Font Info:    Redeclaring math symbol \hbar on input line 98.
LaTeX Font Info:    Overwriting math alphabet `\mathfrak' in version `bold'
(Font)                  U/euf/m/n --> U/euf/b/n on input line 106.
)) (/home/bb/.TinyTeX/texmf-dist/tex/latex/amsmath/amsmath.sty
Package: amsmath 2020/01/20 v2.17e AMS math features
\@mathmargin=\skip53
For additional information on amsmath, use the `?' option.
(/home/bb/.TinyTeX/texmf-dist/tex/latex/amsmath/amstext.sty
Package: amstext 2000/06/29 v2.01 AMS text
(/home/bb/.TinyTeX/texmf-dist/tex/latex/amsmath/amsgen.sty
File: amsgen.sty 1999/11/30 v2.0 generic functions
\@emptytoks=\toks20
\ex@=\dimen159
)) (/home/bb/.TinyTeX/texmf-dist/tex/latex/amsmath/amsbsy.sty
Package: amsbsy 1999/11/29 v1.2d Bold Symbols
\pmbraise@=\dimen160
) (/home/bb/.TinyTeX/texmf-dist/tex/latex/amsmath/amsopn.sty
Package: amsopn 2016/03/08 v2.02 operator names
)
\inf@bad=\count193
LaTeX Info: Redefining \frac on input line 227.
\uproot@=\count194
\leftroot@=\count195
LaTeX Info: Redefining \overline on input line 389.
\classnum@=\count196
\DOTSCASE@=\count197
LaTeX Info: Redefining \ldots on input line 486.
LaTeX Info: Redefining \dots on input line 489.
LaTeX Info: Redefining \cdots on input line 610.
\Mathstrutbox@=\box50
\strutbox@=\box51
\big@size=\dimen161
LaTeX Font Info:    Redeclaring font encoding OML on input line 733.
LaTeX Font Info:    Redeclaring font encoding OMS on input line 734.
\macc@depth=\count198
\c@MaxMatrixCols=\count199
\dotsspace@=\muskip17
\c@parentequation=\count266
\dspbrk@lvl=\count267
\tag@help=\toks21
\row@=\count268
\column@=\count269
\maxfields@=\count270
\andhelp@=\toks22
\eqnshift@=\dimen162
\alignsep@=\dimen163
\tagshift@=\dimen164
\tagwidth@=\dimen165
\totwidth@=\dimen166
\lineht@=\dimen167
\@envbody=\toks23
\multlinegap=\skip54
\multlinetaggap=\skip55
\mathdisplay@stack=\toks24
LaTeX Info: Redefining \[ on input line 2859.
LaTeX Info: Redefining \] on input line 2860.
) (/home/bb/.TinyTeX/texmf-dist/tex/generic/iftex/ifxetex.sty
Package: ifxetex 2019/10/25 v0.7 ifxetex legacy package. Use iftex instead.
(/home/bb/.TinyTeX/texmf-dist/tex/generic/iftex/iftex.sty
Package: iftex 2020/03/06 v1.0d TeX engine tests
)) (/home/bb/.TinyTeX/texmf-dist/tex/generic/iftex/ifluatex.sty
Package: ifluatex 2019/10/25 v1.5 ifluatex legacy package. Use iftex instead.
) (/home/bb/.TinyTeX/texmf-dist/tex/latex/base/fixltx2e.sty
Package: fixltx2e 2016/12/29 v2.1a fixes to LaTeX (obsolete)
Applying: [2015/01/01] Old fixltx2e package on input line 46.

Package fixltx2e Warning: fixltx2e is not required with releases after 2015
(fixltx2e)                All fixes are now in the LaTeX kernel.
(fixltx2e)                See the latexrelease package for details.

Already applied: [0000/00/00] Old fixltx2e package on input line 53.
) (/home/bb/.TinyTeX/texmf-dist/tex/latex/upquote/upquote.sty
Package: upquote 2012/04/19 v1.3 upright-quote and grave-accent glyphs in verba
tim
(/home/bb/.TinyTeX/texmf-dist/tex/latex/base/textcomp.sty
Package: textcomp 2020/02/02 v2.0n Standard LaTeX package
)) (/home/bb/.TinyTeX/texmf-dist/tex/latex/base/inputenc.sty
Package: inputenc 2018/08/11 v1.3c Input encoding file
\inpenc@prehook=\toks25
\inpenc@posthook=\toks26
) (/home/bb/.TinyTeX/texmf-dist/tex/latex/hyperref/hyperref.sty
Package: hyperref 2020/01/14 v7.00d Hypertext links for LaTeX
(/home/bb/.TinyTeX/texmf-dist/tex/generic/ltxcmds/ltxcmds.sty
Package: ltxcmds 2019/12/15 v1.24 LaTeX kernel commands for general use (HO)
) (/home/bb/.TinyTeX/texmf-dist/tex/latex/pdftexcmds/pdftexcmds.sty
Package: pdftexcmds 2019/11/24 v0.31 Utility functions of pdfTeX for LuaTeX (HO
)
(/home/bb/.TinyTeX/texmf-dist/tex/generic/infwarerr/infwarerr.sty
Package: infwarerr 2019/12/03 v1.5 Providing info/warning/error messages (HO)
)
Package pdftexcmds Info: \pdf@primitive is available.
Package pdftexcmds Info: \pdf@ifprimitive is available.
Package pdftexcmds Info: \pdfdraftmode found.
) (/home/bb/.TinyTeX/texmf-dist/tex/generic/kvsetkeys/kvsetkeys.sty
Package: kvsetkeys 2019/12/15 v1.18 Key value parser (HO)
) (/home/bb/.TinyTeX/texmf-dist/tex/generic/kvdefinekeys/kvdefinekeys.sty
Package: kvdefinekeys 2019-12-19 v1.6 Define keys (HO)
) (/home/bb/.TinyTeX/texmf-dist/tex/generic/pdfescape/pdfescape.sty
Package: pdfescape 2019/12/09 v1.15 Implements pdfTeX's escape features (HO)
) (/home/bb/.TinyTeX/texmf-dist/tex/latex/hycolor/hycolor.sty
Package: hycolor 2020-01-27 v1.10 Color options for hyperref/bookmark (HO)
) (/home/bb/.TinyTeX/texmf-dist/tex/latex/letltxmacro/letltxmacro.sty
Package: letltxmacro 2019/12/03 v1.6 Let assignment for LaTeX macros (HO)
) (/home/bb/.TinyTeX/texmf-dist/tex/latex/auxhook/auxhook.sty
Package: auxhook 2019-12-17 v1.6 Hooks for auxiliary files (HO)
) (/home/bb/.TinyTeX/texmf-dist/tex/latex/kvoptions/kvoptions.sty
Package: kvoptions 2019/11/29 v3.13 Key value format for package options (HO)
)
\@linkdim=\dimen168
\Hy@linkcounter=\count271
\Hy@pagecounter=\count272
(/home/bb/.TinyTeX/texmf-dist/tex/latex/hyperref/pd1enc.def
File: pd1enc.def 2020/01/14 v7.00d Hyperref: PDFDocEncoding definition (HO)
Now handling font encoding PD1 ...
... no UTF-8 mapping file for font encoding PD1
) (/home/bb/.TinyTeX/texmf-dist/tex/generic/intcalc/intcalc.sty
Package: intcalc 2019/12/15 v1.3 Expandable calculations with integers (HO)
) (/home/bb/.TinyTeX/texmf-dist/tex/generic/etexcmds/etexcmds.sty
Package: etexcmds 2019/12/15 v1.7 Avoid name clashes with e-TeX commands (HO)
)
\Hy@SavedSpaceFactor=\count273
Package hyperref Info: Option `unicode' set `true' on input line 4421.
(/home/bb/.TinyTeX/texmf-dist/tex/latex/hyperref/puenc.def
File: puenc.def 2020/01/14 v7.00d Hyperref: PDF Unicode definition (HO)
Now handling font encoding PU ...
... no UTF-8 mapping file for font encoding PU
)
Package hyperref Info: Hyper figures OFF on input line 4547.
Package hyperref Info: Link nesting OFF on input line 4552.
Package hyperref Info: Hyper index ON on input line 4555.
Package hyperref Info: Plain pages OFF on input line 4562.
Package hyperref Info: Backreferencing OFF on input line 4567.
Package hyperref Info: Implicit mode ON; LaTeX internals redefined.
Package hyperref Info: Bookmarks ON on input line 4800.
\c@Hy@tempcnt=\count274
LaTeX Info: Redefining \url on input line 5159.
\XeTeXLinkMargin=\dimen169
(/home/bb/.TinyTeX/texmf-dist/tex/generic/bitset/bitset.sty
Package: bitset 2019/12/09 v1.3 Handle bit-vector datatype (HO)
(/home/bb/.TinyTeX/texmf-dist/tex/generic/bigintcalc/bigintcalc.sty
Package: bigintcalc 2019/12/15 v1.5 Expandable calculations on big integers (HO
)
))
\Fld@menulength=\count275
\Field@Width=\dimen170
\Fld@charsize=\dimen171
Package hyperref Info: Hyper figures OFF on input line 6430.
Package hyperref Info: Link nesting OFF on input line 6435.
Package hyperref Info: Hyper index ON on input line 6438.
Package hyperref Info: backreferencing OFF on input line 6445.
Package hyperref Info: Link coloring OFF on input line 6450.
Package hyperref Info: Link coloring with OCG OFF on input line 6455.
Package hyperref Info: PDF/A mode OFF on input line 6460.
LaTeX Info: Redefining \ref on input line 6500.
LaTeX Info: Redefining \pageref on input line 6504.
(/home/bb/.TinyTeX/texmf-dist/tex/generic/atbegshi/atbegshi.sty
Package: atbegshi 2019/12/05 v1.19 At begin shipout hook (HO)
)
\Hy@abspage=\count276
\c@Item=\count277
\c@Hfootnote=\count278
)
Package hyperref Info: Driver (autodetected): hpdftex.
(/home/bb/.TinyTeX/texmf-dist/tex/latex/hyperref/hpdftex.def
File: hpdftex.def 2020/01/14 v7.00d Hyperref driver for pdfTeX
(/home/bb/.TinyTeX/texmf-dist/tex/latex/atveryend/atveryend.sty
Package: atveryend 2019-12-11 v1.11 Hooks at the very end of document (HO)
Package atveryend Info: \enddocument detected (standard20110627).
)
\Fld@listcount=\count279
\c@bookmark@seq@number=\count280
(/home/bb/.TinyTeX/texmf-dist/tex/latex/rerunfilecheck/rerunfilecheck.sty
Package: rerunfilecheck 2019/12/05 v1.9 Rerun checks for auxiliary files (HO)
(/home/bb/.TinyTeX/texmf-dist/tex/generic/uniquecounter/uniquecounter.sty
Package: uniquecounter 2019/12/15 v1.4 Provide unlimited unique counter (HO)
)
Package uniquecounter Info: New unique counter `rerunfilecheck' on input line 2
86.
)
\Hy@SectionHShift=\skip56
)
Package hyperref Info: Option `breaklinks' set `true' on input line 51.

Package hyperref Warning: Option `bookmarks' has already been used,
(hyperref)                setting the option has no effect on input line 51.

Package hyperref Info: Option `colorlinks' set `false' on input line 51.
(/home/bb/.TinyTeX/texmf-dist/tex/latex/tools/xr.sty
Package: xr 2019/07/22 v5.05 eXternal References (DPC)
) (/home/bb/.TinyTeX/texmf-dist/tex/latex/mathtools/mathtools.sty
Package: mathtools 2020/03/24 v1.24 mathematical typesetting tools
(/home/bb/.TinyTeX/texmf-dist/tex/latex/tools/calc.sty
Package: calc 2017/05/25 v4.3 Infix arithmetic (KKT,FJ)
\calc@Acount=\count281
\calc@Bcount=\count282
\calc@Adimen=\dimen172
\calc@Bdimen=\dimen173
\calc@Askip=\skip57
\calc@Bskip=\skip58
LaTeX Info: Redefining \setlength on input line 80.
LaTeX Info: Redefining \addtolength on input line 81.
\calc@Ccount=\count283
\calc@Cskip=\skip59
) (/home/bb/.TinyTeX/texmf-dist/tex/latex/mathtools/mhsetup.sty
Package: mhsetup 2017/03/31 v1.3 programming setup (MH)
)
LaTeX Info: Thecontrolsequence`\('isalreadyrobust on input line 130.
LaTeX Info: Thecontrolsequence`\)'isalreadyrobust on input line 130.
LaTeX Info: Thecontrolsequence`\['isalreadyrobust on input line 130.
LaTeX Info: Thecontrolsequence`\]'isalreadyrobust on input line 130.
\g_MT_multlinerow_int=\count284
\l_MT_multwidth_dim=\dimen174
\origjot=\skip60
\l_MT_shortvdotswithinadjustabove_dim=\dimen175
\l_MT_shortvdotswithinadjustbelow_dim=\dimen176
\l_MT_above_intertext_sep=\dimen177
\l_MT_below_intertext_sep=\dimen178
\l_MT_above_shortintertext_sep=\dimen179
\l_MT_below_shortintertext_sep=\dimen180
\xmathstrut@box=\box52
\xmathstrut@dim=\dimen181
) (/home/bb/.TinyTeX/texmf-dist/tex/latex/jknapltx/mathrsfs.sty
Package: mathrsfs 1996/01/01 Math RSFS package v1.0 (jk)
\symrsfs=\mathgroup6
)
Package xr Info: IMPORTING LABELS FROM SM.aux on input line 64.
(/home/bb/.TinyTeX/texmf-dist/tex/latex/float/float.sty
Package: float 2001/11/08 v1.3d Float enhancements (AL)
\c@float@type=\count285
\float@exts=\toks27
\float@box=\box53
\@float@everytoks=\toks28
\@floatcapt=\box54
) (/home/bb/.TinyTeX/texmf-dist/tex/latex/base/flafter.sty
Package: flafter 2018/11/28 v1.4d Standard LaTeX floats after reference (FMi)
Applying: [2015/01/01] float order in 2-column on input line 49.
Already applied: [0000/00/00] float order in 2-column on input line 151.
) (/home/bb/.TinyTeX/texmf-dist/tex/latex/l3backend/l3backend-pdfmode.def
File: l3backend-pdfmode.def 2020-03-12 L3 backend support: PDF mode
\l__kernel_color_stack_int=\count286
\l__pdf_internal_box=\box55
) (./Untitled.aux

LaTeX Warning: Label `conclusion' multiply defined.


LaTeX Warning: Label `references' multiply defined.

)
\openout1 = `Untitled.aux'.

LaTeX Font Info:    Checking defaults for OML/cmm/m/it on input line 71.
LaTeX Font Info:    ... okay on input line 71.
LaTeX Font Info:    Checking defaults for OMS/cmsy/m/n on input line 71.
LaTeX Font Info:    ... okay on input line 71.
LaTeX Font Info:    Checking defaults for OT1/cmr/m/n on input line 71.
LaTeX Font Info:    ... okay on input line 71.
LaTeX Font Info:    Checking defaults for T1/cmr/m/n on input line 71.
LaTeX Font Info:    ... okay on input line 71.
LaTeX Font Info:    Checking defaults for TS1/cmr/m/n on input line 71.
LaTeX Font Info:    ... okay on input line 71.
LaTeX Font Info:    Checking defaults for OMX/cmex/m/n on input line 71.
LaTeX Font Info:    ... okay on input line 71.
LaTeX Font Info:    Checking defaults for U/cmr/m/n on input line 71.
LaTeX Font Info:    ... okay on input line 71.
LaTeX Font Info:    Checking defaults for PD1/pdf/m/n on input line 71.
LaTeX Font Info:    ... okay on input line 71.
LaTeX Font Info:    Checking defaults for PU/pdf/m/n on input line 71.
LaTeX Font Info:    ... okay on input line 71.
LaTeX Font Info:    Trying to load font information for T1+lmr on input line 71
.
(/home/bb/.TinyTeX/texmf-dist/tex/latex/lm/t1lmr.fd
File: t1lmr.fd 2009/10/30 v1.6 Font defs for Latin Modern
) (/home/bb/.TinyTeX/texmf-dist/tex/latex/epstopdf-pkg/epstopdf-base.sty
Package: epstopdf-base 2020-01-24 v2.11 Base part for package epstopdf
Package epstopdf-base Info: Redefining graphics rule for `.eps' on input line 4
85.
(/home/bb/.TinyTeX/texmf-dist/tex/latex/latexconfig/epstopdf-sys.cfg
File: epstopdf-sys.cfg 2010/07/13 v1.3 Configuration of (r)epstopdf for TeX Liv
e
))
\AtBeginShipoutBox=\box56
Package hyperref Info: Link coloring OFF on input line 71.
(/home/bb/.TinyTeX/texmf-dist/tex/latex/hyperref/nameref.sty
Package: nameref 2019/09/16 v2.46 Cross-referencing by name of section
(/home/bb/.TinyTeX/texmf-dist/tex/latex/refcount/refcount.sty
Package: refcount 2019/12/15 v3.6 Data extraction from label references (HO)
) (/home/bb/.TinyTeX/texmf-dist/tex/generic/gettitlestring/gettitlestring.sty
Package: gettitlestring 2019/12/15 v1.6 Cleanup title references (HO)
)
\c@section@level=\count287
)
LaTeX Info: Redefining \ref on input line 71.
LaTeX Info: Redefining \pageref on input line 71.
LaTeX Info: Redefining \nameref on input line 71.
(./Untitled.out) (./Untitled.out)
\@outlinefile=\write4
\openout4 = `Untitled.out'.

LaTeX Font Info:    Trying to load font information for OT1+lmr on input line 1
07.
(/home/bb/.TinyTeX/texmf-dist/tex/latex/lm/ot1lmr.fd
File: ot1lmr.fd 2009/10/30 v1.6 Font defs for Latin Modern
)
LaTeX Font Info:    Trying to load font information for OML+lmm on input line 1
07.
(/home/bb/.TinyTeX/texmf-dist/tex/latex/lm/omllmm.fd
File: omllmm.fd 2009/10/30 v1.6 Font defs for Latin Modern
)
LaTeX Font Info:    Trying to load font information for OMS+lmsy on input line 
107.
(/home/bb/.TinyTeX/texmf-dist/tex/latex/lm/omslmsy.fd
File: omslmsy.fd 2009/10/30 v1.6 Font defs for Latin Modern
)
LaTeX Font Info:    Trying to load font information for OMX+lmex on input line 
107.
(/home/bb/.TinyTeX/texmf-dist/tex/latex/lm/omxlmex.fd
File: omxlmex.fd 2009/10/30 v1.6 Font defs for Latin Modern
)
LaTeX Font Info:    External font `lmex10' loaded for size
(Font)              <10> on input line 107.
LaTeX Font Info:    External font `lmex10' loaded for size
(Font)              <7> on input line 107.
LaTeX Font Info:    External font `lmex10' loaded for size
(Font)              <5> on input line 107.
LaTeX Font Info:    Trying to load font information for U+msa on input line 107
.
(/home/bb/.TinyTeX/texmf-dist/tex/latex/amsfonts/umsa.fd
File: umsa.fd 2013/01/14 v3.01 AMS symbols A
)
LaTeX Font Info:    Trying to load font information for U+msb on input line 107
.
(/home/bb/.TinyTeX/texmf-dist/tex/latex/amsfonts/umsb.fd
File: umsb.fd 2013/01/14 v3.01 AMS symbols B
)
LaTeX Font Info:    Trying to load font information for U+rsfs on input line 10
7.
(/home/bb/.TinyTeX/texmf-dist/tex/latex/jknapltx/ursfs.fd
File: ursfs.fd 1998/03/24 rsfs font definition file (jk)
)
LaTeX Font Info:    External font `lmex10' loaded for size
(Font)              <8> on input line 117.
LaTeX Font Info:    External font `lmex10' loaded for size
(Font)              <6> on input line 117.
LaTeX Font Info:    Trying to load font information for T1+lmtt on input line 1
17.
(/home/bb/.TinyTeX/texmf-dist/tex/latex/lm/t1lmtt.fd
File: t1lmtt.fd 2009/10/30 v1.6 Font defs for Latin Modern
)
LaTeX Font Info:    Trying to load font information for T1+lmss on input line 1
17.
(/home/bb/.TinyTeX/texmf-dist/tex/latex/lm/t1lmss.fd
File: t1lmss.fd 2009/10/30 v1.6 Font defs for Latin Modern
)
Overfull \vbox (34.02934pt too high) has occurred while \output is active []

[1


{/home/bb/.TinyTeX/texmf-var/fonts/map/pdftex/updmap/pdftex.map}] [2] [3] [4] [
5] [6] [7] [8] [9] [10]
<wn.png, id=208, 361.35pt x 180.675pt>
File: wn.png Graphic file (type png)
<use wn.png>
Package pdftex.def Info: wn.png  used on input line 674.
(pdftex.def)             Requested size: 276.00105pt x 138.00087pt.
[11] [12pdfTeX warning (ext4): destination with the same identifier (name{figur
e.1}) has been already used, duplicate ignored

\AtBegShi@Output ...ipout \box \AtBeginShipoutBox 
                                                  \fi \fi 
l.745 
       <./wn.png>] [13] [14] [15pdfTeX warning (ext4): destination with the sam
e identifier (name{table.1}) has been already used, duplicate ignored

\AtBegShi@Output ...ipout \box \AtBeginShipoutBox 
                                                  \fi \fi 
l.916 
      ] [16]
Overfull \hbox (11.60353pt too wide) detected at line 1015
 []$[]   [][] \OML/lmm/m/it/10 ^^W\OT1/lmr/m/n/10 (\OML/lmm/m/it/10 x; t\OT1/lm
r/m/n/10 )\OML/lmm/m/it/10 f\OT1/lmr/m/n/10 (\OML/lmm/m/it/10 x\OT1/lmr/m/n/10 
)\OML/lmm/m/it/10 dx \OMS/lmsy/m/n/10 ^^@ [][] \OML/lmm/m/it/10 ^^W\OT1/lmr/m/n
/10 (\OML/lmm/m/it/10 x; \OT1/lmr/m/n/10 0)\OML/lmm/m/it/10 f\OT1/lmr/m/n/10 (\
OML/lmm/m/it/10 x\OT1/lmr/m/n/10 )\OML/lmm/m/it/10 dx \OT1/lmr/m/n/10 = [][] []
[] \OML/lmm/m/it/10 ^^W\OT1/lmr/m/n/10 (\OML/lmm/m/it/10 x; s\OT1/lmr/m/n/10 ) 
[] \OML/lmm/m/it/10 dsdx$ 
 []

[17]
<rescaled_plots.png, id=281, 433.62pt x 433.62pt>
File: rescaled_plots.png Graphic file (type png)
<use rescaled_plots.png>
Package pdftex.def Info: rescaled_plots.png  used on input line 1083.
(pdftex.def)             Requested size: 276.00105pt x 276.0139pt.
[18] [19pdfTeX warning (ext4): destination with the same identifier (name{figur
e.2}) has been already used, duplicate ignored

\AtBegShi@Output ...ipout \box \AtBeginShipoutBox 
                                                  \fi \fi 
l.1102 
        <./rescaled_plots.png>]
Overfull \hbox (2.46475pt too wide) detected at line 1135
 []$[]  \OML/lmm/m/it/10 N\OT1/lmr/m/n/10 (\OML/lmm/m/it/10 t\OT1/lmr/m/n/10 ) 
= \OML/lmm/m/it/10 N\OT1/lmr/m/n/10 (0) + [][] [][] \OML/lmm/m/it/10 ^^W\OT1/lm
r/m/n/10 (\OML/lmm/m/it/10 x; s\OT1/lmr/m/n/10 ) [] + 1[][](\OML/lmm/m/it/10 x;
 s\OT1/lmr/m/n/10 )\OML/lmm/m/it/10 dsdx$ 
 []

[20]
Overfull \hbox (42.76016pt too wide) detected at line 1206
[][]\OML/lmm/m/it/10 d^^[[]\OT1/lmr/m/n/10 (\OML/lmm/m/it/10 t\OT1/lmr/m/n/10 )
 = [][][](\OML/lmm/m/it/10 x \OMS/lmsy/m/n/10 ^^@ []\OT1/lmr/m/n/10 (\OML/lmm/m
/it/10 t\OT1/lmr/m/n/10 ))[]\OML/lmm/m/it/10 ; m\OT1/lmr/m/n/10 (\OML/lmm/m/it/
10 ^^W; x\OT1/lmr/m/n/10 )[]\OML/lmm/m/it/10 dt \OT1/lmr/m/n/10 + [] \OML/lmm/m
/it/10 dt \OT1/lmr/m/n/10 + []\OML/lmm/m/it/10 dW[]\OT1/lmr/m/n/10 (\OML/lmm/m/
it/10 t\OT1/lmr/m/n/10 )\OML/lmm/m/it/10 ;
 []

[21] [22] [23]
Overfull \hbox (8.65054pt too wide) in paragraph at lines 1361--1367
\T1/lmr/m/n/10 dance den-sity of breed-ing val-ues at time $\OML/lmm/m/it/10 t$
 \T1/lmr/m/n/10 so that $[][] \OML/lmm/m/it/10 ^^Z\OT1/lmr/m/n/10 (\OML/lmm/m/i
t/10 g; t\OT1/lmr/m/n/10 )\OML/lmm/m/it/10 dg \OT1/lmr/m/n/10 = [][] \OML/lmm/m
/it/10 ^^W\OT1/lmr/m/n/10 (\OML/lmm/m/it/10 x; t\OT1/lmr/m/n/10 )\OML/lmm/m/it/
10 dx \OT1/lmr/m/n/10 =
 []

LaTeX Font Info:    Trying to load font information for U+euf on input line 137
6.
(/home/bb/.TinyTeX/texmf-dist/tex/latex/amsfonts/ueuf.fd
File: ueuf.fd 2013/01/14 v3.01 Euler Fraktur
) [24] [25]
Overfull \hbox (0.56937pt too wide) detected at line 1520
[][]\OMS/lmsy/m/n/10 O[]\OT1/lmr/m/n/10 (\OML/lmm/m/it/10 x[] \OMS/lmsy/m/n/10 
^^@ \OML/lmm/m/it/10 x[]\OT1/lmr/m/n/10 ) = [][] \OML/lmm/m/it/10 u[]\OT1/lmr/m
/n/10 (\OML/lmm/m/it/10 ^^P; x[]\OT1/lmr/m/n/10 )\OML/lmm/m/it/10 u[]\OT1/lmr/m
/n/10 (\OML/lmm/m/it/10 ^^P; x[]\OT1/lmr/m/n/10 )\OML/lmm/m/it/10 d^^P \OT1/lmr
/m/n/10 = [] [] [] \OML/lmm/m/it/10 :
 []

[26] [27] [28] [29]
<community_dynamics.png, id=439, 2087.8pt x 1606.0pt>
File: community_dynamics.png Graphic file (type png)
<use community_dynamics.png>
Package pdftex.def Info: community_dynamics.png  used on input line 1737.
(pdftex.def)             Requested size: 345.0pt x 265.37065pt.
[30pdfTeX warning (ext4): destination with the same identifier (name{table.2}) 
has been already used, duplicate ignored

\AtBegShi@Output ...ipout \box \AtBeginShipoutBox 
                                                  \fi \fi 
l.1752 
       ] [31pdfTeX warning (ext4): destination with the same identifier (name{f
igure.3}) has been already used, duplicate ignored

\AtBegShi@Output ...ipout \box \AtBeginShipoutBox 
                                                  \fi \fi 
l.1752 
        <./community_dynamics.png>] [32]
<on_pl.png, id=462, 252.945pt x 252.945pt>
File: on_pl.png Graphic file (type png)
<use on_pl.png>
Package pdftex.def Info: on_pl.png  used on input line 1837.
(pdftex.def)             Requested size: 207.0021pt x 207.00711pt.
[33]
</home/bb/Gits/branching.brownian.motion.and.spde/.A White Noise Approach To Ev
olutionary Ecology/cov.png, id=472, 469.755pt x 180.675pt>
File: /home/bb/Gits/branching.brownian.motion.and.spde/.A White Noise Approach 
To Evolutionary Ecology/cov.png Graphic file (type png)
<use /home/bb/Gits/branching.brownian.motion.and.spde/.A White Noise Approach T
o Evolutionary Ecology/cov.png>
Package pdftex.def Info: /home/bb/Gits/branching.brownian.motion.and.spde/.A Wh
ite Noise Approach To Evolutionary Ecology/cov.png  used on input line 1886.
(pdftex.def)             Requested size: 345.0pt x 132.69113pt.
[34pdfTeX warning (ext4): destination with the same identifier (name{figure.4})
 has been already used, duplicate ignored

\AtBegShi@Output ...ipout \box \AtBeginShipoutBox 
                                                  \fi \fi 
l.1927 
        <./on_pl.png>] [35pdfTeX warning (ext4): destination with the same iden
tifier (name{figure.5}) has been already used, duplicate ignored

\AtBegShi@Output ...ipout \box \AtBeginShipoutBox 
                                                  \fi \fi 
l.1955 
        </home/bb/Gits/branching.brownian.motion.and.spde/.A White Noise Approa
ch To Evolutionary Ecology/cov.png>]
</home/bb/Gits/branching.brownian.motion.and.spde/.A White Noise Approach To Ev
olutionary Ecology/Cαℭp.png, id=501, 289.08pt x 180.675pt>
File: /home/bb/Gits/branching.brownian.motion.and.spde/.A White Noise Approach 
To Evolutionary Ecology/Cαℭp.png Graphic file (type png)
<use /home/bb/Gits/branching.brownian.motion.and.spde/.A White Noise Approach T
o Evolutionary Ecology/Cαℭp.png>
Package pdftex.def Info: /home/bb/Gits/branching.brownian.motion.and.spde/.A Wh
ite Noise Approach To Evolutionary Ecology/Cαℭp.png  used on input line 1979
.
(pdftex.def)             Requested size: 207.0021pt x 129.37462pt.
[36] [37pdfTeX warning (ext4): destination with the same identifier (name{figur
e.6}) has been already used, duplicate ignored

\AtBegShi@Output ...ipout \box \AtBeginShipoutBox 
                                                  \fi \fi 
l.2066 
        </home/bb/Gits/branching.brownian.motion.and.spde/.A White Noise Approa
ch To Evolutionary Ecology/Cαℭp.png>] [38] [39] [40] [41] [42] [43] [44] [45
] [46] [47]
Overfull \hbox (0.7681pt too wide) in paragraph at lines 2799--2802
[][]\T1/lmr/m/n/10 Volpert, V., 2014. El-lip-tic par-tial dif-fer-en-tial equa-
tions: Vol-ume 2: Reaction-
 []

Package atveryend Info: Empty hook `BeforeClearDocument' on input line 2826.
[48]
Package atveryend Info: Empty hook `AfterLastShipout' on input line 2826.
(./Untitled.aux)
Package atveryend Info: Executing hook `AtVeryEndDocument' on input line 2826.
Package atveryend Info: Executing hook `AtEndAfterFileList' on input line 2826.

Package rerunfilecheck Info: File `Untitled.out' has not changed.
(rerunfilecheck)             Checksum: 82506A997B864B86CCFD0560120C3688;4768.

LaTeX Warning: There were multiply-defined labels.

Package atveryend Info: Empty hook `AtVeryVeryEnd' on input line 2826.
 ) 
Here is how much of TeX's memory you used:
 11580 strings out of 482530
 166726 string characters out of 5951248
 425747 words of memory out of 5000000
 26677 multiletter control sequences out of 15000+600000
 607596 words of font info for 80 fonts, out of 8000000 for 9000
 14 hyphenation exceptions out of 8191
 38i,13n,34p,625b,368s stack positions out of 5000i,500n,10000p,200000b,80000s
pdfTeX warning (dest): name{section.10} has been referenced but does not exis
t, replaced by a fixed one

pdfTeX warning (dest): name{section.8} has been referenced but does not exist, 
replaced by a fixed one

pdfTeX warning (dest): name{section.6} has been referenced but does not exist, 
replaced by a fixed one

pdfTeX warning (dest): name{section.9} has been referenced but does not exist, 
replaced by a fixed one

pdfTeX warning (dest): name{section.7} has been referenced but does not exist, 
replaced by a fixed one

{/home/bb/.TinyTeX/texmf-dist/fonts/enc/dvips/lm/lm-mathit.enc}{/home/bb/.TinyT
eX/texmf-dist/fonts/enc/dvips/lm/lm-rm.enc}{/home/bb/.TinyTeX/texmf-dist/fonts/
enc/dvips/lm/lm-mathsy.enc}{/home/bb/.TinyTeX/texmf-dist/fonts/enc/dvips/lm/lm-
mathex.enc}{/home/bb/.TinyTeX/texmf-dist/fonts/enc/dvips/lm/lm-ec.enc}</home/bb
/.TinyTeX/texmf-dist/fonts/type1/public/amsfonts/euler/eufm10.pfb></home/bb/.Ti
nyTeX/texmf-dist/fonts/type1/public/lm/lmbx10.pfb></home/bb/.TinyTeX/texmf-dist
/fonts/type1/public/lm/lmex10.pfb></home/bb/.TinyTeX/texmf-dist/fonts/type1/pub
lic/lm/lmmi10.pfb></home/bb/.TinyTeX/texmf-dist/fonts/type1/public/lm/lmmi5.pfb
></home/bb/.TinyTeX/texmf-dist/fonts/type1/public/lm/lmmi6.pfb></home/bb/.TinyT
eX/texmf-dist/fonts/type1/public/lm/lmmi7.pfb></home/bb/.TinyTeX/texmf-dist/fon
ts/type1/public/lm/lmmi8.pfb></home/bb/.TinyTeX/texmf-dist/fonts/type1/public/l
m/lmr10.pfb></home/bb/.TinyTeX/texmf-dist/fonts/type1/public/lm/lmr12.pfb></hom
e/bb/.TinyTeX/texmf-dist/fonts/type1/public/lm/lmr5.pfb></home/bb/.TinyTeX/texm
f-dist/fonts/type1/public/lm/lmr6.pfb></home/bb/.TinyTeX/texmf-dist/fonts/type1
/public/lm/lmr7.pfb></home/bb/.TinyTeX/texmf-dist/fonts/type1/public/lm/lmr8.pf
b></home/bb/.TinyTeX/texmf-dist/fonts/type1/public/lm/lmri10.pfb></home/bb/.Tin
yTeX/texmf-dist/fonts/type1/public/lm/lmri7.pfb></home/bb/.TinyTeX/texmf-dist/f
onts/type1/public/lm/lmri8.pfb></home/bb/.TinyTeX/texmf-dist/fonts/type1/public
/lm/lmss8.pfb></home/bb/.TinyTeX/texmf-dist/fonts/type1/public/lm/lmsy10.pfb></
home/bb/.TinyTeX/texmf-dist/fonts/type1/public/lm/lmsy6.pfb></home/bb/.TinyTeX/
texmf-dist/fonts/type1/public/lm/lmsy7.pfb></home/bb/.TinyTeX/texmf-dist/fonts/
type1/public/lm/lmsy8.pfb></home/bb/.TinyTeX/texmf-dist/fonts/type1/public/lm/l
mtt8.pfb></home/bb/.TinyTeX/texmf-dist/fonts/type1/public/amsfonts/symbols/msam
10.pfb></home/bb/.TinyTeX/texmf-dist/fonts/type1/public/amsfonts/symbols/msbm10
.pfb></home/bb/.TinyTeX/texmf-dist/fonts/type1/public/amsfonts/symbols/msbm7.pf
b></home/bb/.TinyTeX/texmf-dist/fonts/type1/public/rsfs/rsfs10.pfb>
Output written on Untitled.pdf (48 pages, 1708662 bytes).
PDF statistics:
 861 PDF objects out of 1000 (max. 8388607)
 764 compressed objects within 8 object streams
 313 named destinations out of 1000 (max. 500000)
 191 words of extra memory for PDF output out of 10000 (max. 10000000)

